-------------------------------------------------------------------------------
Test set: apitest.SchemaErrorTest
-------------------------------------------------------------------------------
Tests run: 1, Failures: 1, Errors: 0, Skipped: 0, Time elapsed: 3.445 sec <<< FAILURE!
schemaErrorTest(apitest.SchemaErrorTest)  Time elapsed: 2.722 sec  <<< FAILURE!
io.restassured.module.jsv.JsonSchemaValidationException: java.io.FileNotFoundException: E:\testsmallcase\src\	est\resources\wrongschema.json (The filename, directory name, or volume label syntax is incorrect)
	at io.restassured.module.jsv.JsonSchemaValidator$JsonSchemaValidatorFactory.create(JsonSchemaValidator.java:286)
	at io.restassured.module.jsv.JsonSchemaValidator.matchesJsonSchema(JsonSchemaValidator.java:157)
	at Util.SchemaValidator.jsonSchemaValidation(SchemaValidator.java:20)
	at apitest.SchemaErrorTest.schemaErrorTest(SchemaErrorTest.java:15)
Caused by: java.io.FileNotFoundException: E:\testsmallcase\src\	est\resources\wrongschema.json (The filename, directory name, or volume label syntax is incorrect)
	at java.base/java.io.FileInputStream.open0(Native Method)
	at java.base/java.io.FileInputStream.open(FileInputStream.java:216)
	at java.base/java.io.FileInputStream.<init>(FileInputStream.java:157)
	at com.github.fge.jackson.JsonLoader.fromFile(JsonLoader.java:174)
	at io.restassured.module.jsv.JsonSchemaValidator$3.createSchemaInstance(JsonSchemaValidator.java:155)
	at io.restassured.module.jsv.JsonSchemaValidator$3.createSchemaInstance(JsonSchemaValidator.java:152)
	at io.restassured.module.jsv.JsonSchemaValidator$JsonSchemaValidatorFactory.create(JsonSchemaValidator.java:284)
	... 36 more

