<?xml version="1.0" encoding="UTF-8" ?>
<testsuite tests="1" failures="1" name="apitest.SchemaErrorTest" time="2.722" errors="0" skipped="0">
  <properties>
[...]
</properties>
  <testcase classname="apitest.SchemaErrorTest" name="schemaErrorTest" time="2.722">
    <failure message="java.io.FileNotFoundException: E:\testsmallcase\src\	est\resources\wrongschema.json (The filename, directory name, or volume label syntax is incorrect)" type="io.restassured.module.jsv.JsonSchemaValidationException">io.restassured.module.jsv.JsonSchemaValidationException: java.io.FileNotFoundException: E:\testsmallcase\src\	est\resources\wrongschema.json (The filename, directory name, or volume label syntax is incorrect)
	at io.restassured.module.jsv.JsonSchemaValidator$JsonSchemaValidatorFactory.create(JsonSchemaValidator.java:286)
	at io.restassured.module.jsv.JsonSchemaValidator.matchesJsonSchema(JsonSchemaValidator.java:157)
	at Util.SchemaValidator.jsonSchemaValidation(SchemaValidator.java:20)
	at apitest.SchemaErrorTest.schemaErrorTest(SchemaErrorTest.java:15)
Caused by: java.io.FileNotFoundException: E:\testsmallcase\src\	est\resources\wrongschema.json (The filename, directory name, or volume label syntax is incorrect)
	at java.base/java.io.FileInputStream.open0(Native Method)
	at java.base/java.io.FileInputStream.open(FileInputStream.java:216)
	at java.base/java.io.FileInputStream.&lt;init&gt;(FileInputStream.java:157)
	at com.github.fge.jackson.JsonLoader.fromFile(JsonLoader.java:174)
	at io.restassured.module.jsv.JsonSchemaValidator$3.createSchemaInstance(JsonSchemaValidator.java:155)
	at io.restassured.module.jsv.JsonSchemaValidator$3.createSchemaInstance(JsonSchemaValidator.java:152)
	at io.restassured.module.jsv.JsonSchemaValidator$JsonSchemaValidatorFactory.create(JsonSchemaValidator.java:284)
	... 36 more
</failure>
    <system-out>Configuring TestNG with: org.apache.maven.surefire.testng.conf.TestNG652Configurator@2f7c7260
</system-out>
    <system-err>SLF4J: Failed to load class &quot;org.slf4j.impl.StaticLoggerBinder&quot;.
SLF4J: Defaulting to no-operation (NOP) logger implementation
SLF4J: See http://www.slf4j.org/codes.html#StaticLoggerBinder for further details.
log4j:WARN No appenders could be found for logger (org.apache.http.impl.conn.BasicClientConnectionManager).
log4j:WARN Please initialize the log4j system properly.
log4j:WARN See http://logging.apache.org/log4j/1.2/faq.html#noconfig for more info.
</system-err>
  </testcase>
</testsuite>