<?xml version="1.0" encoding="UTF-8"?>
<testng-results ignored="0" total="2" passed="2" failed="0" skipped="0">
  <reporter-output>
  </reporter-output>
  <suite started-at="2023-01-20T11:57:29 IST" name="Suite1" finished-at="2023-01-20T11:57:33 IST" duration-ms="4065">
    <groups>
    </groups>
    <test started-at="2023-01-20T11:57:29 IST" name="test1" finished-at="2023-01-20T11:57:33 IST" duration-ms="4065">
      <class name="apitest.VerifySuccessSchema">
        <test-method signature="verifySuccessSchemaTest()[pri:0, instance:apitest.VerifySuccessSchema@7714e963]" started-at="2023-01-20T11:57:29 IST" name="verifySuccessSchemaTest" finished-at="2023-01-20T11:57:33 IST" duration-ms="3435" status="PASS">
          <reporter-output>
          </reporter-output>
        </test-method> <!-- verifySuccessSchemaTest -->
      </class> <!-- apitest.VerifySuccessSchema -->
      <class name="apitest.SchemaErrorTest">
        <test-method signature="schemaErrorTest()[pri:0, instance:apitest.SchemaErrorTest@6973b51b]" started-at="2023-01-20T11:57:33 IST" name="schemaErrorTest" finished-at="2023-01-20T11:57:33 IST" duration-ms="564" status="PASS">
          <reporter-output>
          </reporter-output>
        </test-method> <!-- schemaErrorTest -->
      </class> <!-- apitest.SchemaErrorTest -->
    </test> <!-- test1 -->
  </suite> <!-- Suite1 -->
</testng-results>
