<?xml version="1.0" encoding="UTF-8"?>
<testng-results ignored="0" total="2" passed="2" failed="0" skipped="0">
  <reporter-output>
  </reporter-output>
  <suite started-at="2023-01-22T20:58:41 IST" name="Suite1" finished-at="2023-01-22T20:58:45 IST" duration-ms="3867">
    <groups>
    </groups>
    <test started-at="2023-01-22T20:58:41 IST" name="test1" finished-at="2023-01-22T20:58:45 IST" duration-ms="3867">
      <class name="apitest.VerifySuccessSchema">
        <test-method signature="verifySuccessSchemaTest()[pri:0, instance:apitest.VerifySuccessSchema@3aefe5e5]" started-at="2023-01-22T20:58:41 IST" name="verifySuccessSchemaTest" description="Schema validation- Passing scenario" finished-at="2023-01-22T20:58:44 IST" duration-ms="3171" status="PASS">
          <reporter-output>
          </reporter-output>
        </test-method> <!-- verifySuccessSchemaTest -->
      </class> <!-- apitest.VerifySuccessSchema -->
      <class name="apitest.VerifyfailureSchema">
        <test-method signature="schemaErrorTest()[pri:0, instance:apitest.VerifyfailureSchema@6ef888f6]" started-at="2023-01-22T20:58:44 IST" name="schemaErrorTest" description="Schema validation- Error scenario" finished-at="2023-01-22T20:58:45 IST" duration-ms="629" status="PASS">
          <reporter-output>
          </reporter-output>
        </test-method> <!-- schemaErrorTest -->
      </class> <!-- apitest.VerifyfailureSchema -->
    </test> <!-- test1 -->
  </suite> <!-- Suite1 -->
</testng-results>
