<?xml version="1.0" encoding="UTF-8"?>
<!-- Generated by org.testng.reporters.JUnitXMLReporter -->
<testsuite ignored="0" hostname="DESKTOP-F7T3E9O" failures="1" tests="1" name="Command line test" time="2.766" errors="0" timestamp="2023-01-20T11:06:46 IST">
  <testcase classname="apitest.SchemaErrorTest" name="schemaErrorTest" time="2.714">
    <failure type="io.restassured.module.jsv.JsonSchemaValidationException" message="java.io.FileNotFoundException: E:\testsmallcase\src\	est\resources\wrongschema.json (The filename, directory name, or volume label syntax is incorrect)">
      <![CDATA[io.restassured.module.jsv.JsonSchemaValidationException: java.io.FileNotFoundException: E:\testsmallcase\src\est\resources\wrongschema.json (The filename, directory name, or volume label syntax is incorrect)
at io.restassured.module.jsv.JsonSchemaValidator$JsonSchemaValidatorFactory.create(JsonSchemaValidator.java:286)
at io.restassured.module.jsv.JsonSchemaValidator.matchesJsonSchema(JsonSchemaValidator.java:157)
at Util.SchemaValidator.jsonSchemaValidation(SchemaValidator.java:20)
at apitest.SchemaErrorTest.schemaErrorTest(SchemaErrorTest.java:15)
at java.base/java.util.ArrayList.forEach(ArrayList.java:1511)
Caused by: java.io.FileNotFoundException: E:\testsmallcase\src\est\resources\wrongschema.json (The filename, directory name, or volume label syntax is incorrect)
at java.base/java.io.FileInputStream.open0(Native Method)
at java.base/java.io.FileInputStream.open(FileInputStream.java:216)
at java.base/java.io.FileInputStream.<init>(FileInputStream.java:157)
at com.github.fge.jackson.JsonLoader.fromFile(JsonLoader.java:174)
at io.restassured.module.jsv.JsonSchemaValidator$3.createSchemaInstance(JsonSchemaValidator.java:155)
at io.restassured.module.jsv.JsonSchemaValidator$3.createSchemaInstance(JsonSchemaValidator.java:152)
at io.restassured.module.jsv.JsonSchemaValidator$JsonSchemaValidatorFactory.create(JsonSchemaValidator.java:284)
... 36 more
... Removed 32 stack frames]]>
    </failure>
  </testcase> <!-- schemaErrorTest -->
</testsuite> <!-- Command line test -->
